<?xml version="1.0" encoding="UTF-8"?>
<!-- Generated by org.testng.reporters.JUnitXMLReporter -->
<testsuite ignored="2" hostname="Argon-Ahad-Macbook.local" failures="1" tests="4" name="Login Test Case" time="48.703" errors="0" timestamp="2025-01-06T15:44:13 PKT">
  <testcase classname="com.automation.testcases.AdminLoginTest" name="redirectToTheAdminLogin" time="4.639"/>
  <testcase classname="com.automation.testcases.AdminLoginTest" name="submitWithoutAnyInfo" time="2.351"/>
  <testcase classname="com.automation.testcases.AdminLoginTest" name="submitCorrectAdminCreds" time="0.608"/>
  <testcase classname="com.automation.testcases.AdminLoginTest" name="confirmingAdminLogin" time="0.036">
    <failure type="java.lang.AssertionError" message="expected [https://shelters.catalystpet.com/admin/dashboard] but found [https://shelters.catalystpet.com/adminLogin]">
      <![CDATA[java.lang.AssertionError: expected [https://shelters.catalystpet.com/admin/dashboard] but found [https://shelters.catalystpet.com/adminLogin]
at com.automation.testcases.AdminLoginTest.confirmingAdminLogin(AdminLoginTest.java:74)
at java.base/java.util.ArrayList.forEach(ArrayList.java:1597)
... Removed 31 stack frames]]>
    </failure>
  </testcase> <!-- confirmingAdminLogin -->
  <testcase classname="com.automation.testcases.AdminLoginTest" name="testingEachFieldRegex" time="0.0">
    <ignored/>
  </testcase> <!-- testingEachFieldRegex -->
  <testcase classname="com.automation.testcases.AdminLoginTest" name="testingRequiredFieldRegex" time="0.0">
    <ignored/>
  </testcase> <!-- testingRequiredFieldRegex -->
</testsuite> <!-- Login Test Case -->
