<?xml version="1.0" encoding="UTF-8"?>
<!-- Generated by org.testng.reporters.JUnitXMLReporter -->
<testsuite ignored="2" hostname="argons-MacBook-Pro-2.local" failures="1" tests="4" name="Test" time="38.104" errors="0" timestamp="2024-12-24T17:18:14 PKT">
  <testcase classname="com.automation.testcases.AdminLoginTest" name="redirectToTheAdminLogin" time="0.777"/>
  <testcase classname="com.automation.testcases.AdminLoginTest" name="submitWithoutAnyInfo" time="2.336"/>
  <testcase classname="com.automation.testcases.AdminLoginTest" name="submitCorrectAdminCreds" time="0.588"/>
  <testcase classname="com.automation.testcases.AdminLoginTest" name="confirmingAdminLogin" time="0.025">
    <failure type="java.lang.AssertionError" message="expected [https://shelters.catalystpet.com/admin/dashboard] but found [https://shelters.catalystpet.com/adminLogin]">
      <![CDATA[java.lang.AssertionError: expected [https://shelters.catalystpet.com/admin/dashboard] but found [https://shelters.catalystpet.com/adminLogin]
at com.automation.testcases.AdminLoginTest.confirmingAdminLogin(AdminLoginTest.java:74)
at java.base/java.util.ArrayList.forEach(ArrayList.java:1597)
... Removed 31 stack frames]]>
    </failure>
  </testcase> <!-- confirmingAdminLogin -->
  <testcase classname="com.automation.testcases.AdminLoginTest" name="testingEachFieldRegex" time="0.0">
    <ignored/>
  </testcase> <!-- testingEachFieldRegex -->
  <testcase classname="com.automation.testcases.AdminLoginTest" name="testingRequiredFieldRegex" time="0.0">
    <ignored/>
  </testcase> <!-- testingRequiredFieldRegex -->
</testsuite> <!-- Test -->
